<?xml version="1.0" encoding="UTF-8"?>
<testsuite name="com.mjc.school.service.test.NewsServiceTest" tests="1" skipped="0" failures="0" errors="0" timestamp="2023-08-08T10:13:10" hostname="NAZIGYGABYTE" time="0.493">
  <properties/>
  <testcase name="saveAll()" classname="com.mjc.school.service.test.NewsServiceTest" time="0.493"/>
  <system-out><![CDATA[15:13:07.563 [Test worker] INFO org.hibernate.Version -- HHH000412: Hibernate ORM core version 5.6.15.Final
15:13:08.294 [Test worker] INFO org.hibernate.annotations.common.Version -- HCANN000001: Hibernate Commons Annotations {5.1.2.Final}
15:13:08.497 [Test worker] WARN org.hibernate.orm.connections.pooling -- HHH10001002: Using Hibernate built-in connection pool (not for production use!)
15:13:08.506 [Test worker] INFO org.hibernate.orm.connections.pooling -- HHH10001005: using driver [org.postgresql.Driver] at URL [jdbc:postgresql://localhost:5432/postgres]
15:13:08.507 [Test worker] INFO org.hibernate.orm.connections.pooling -- HHH10001001: Connection properties: {password=****, user=postgres}
15:13:08.507 [Test worker] INFO org.hibernate.orm.connections.pooling -- HHH10001003: Autocommit mode: false
15:13:08.512 [Test worker] INFO org.hibernate.engine.jdbc.connections.internal.DriverManagerConnectionProviderImpl -- HHH000115: Hibernate connection pool size: 20 (min=1)
15:13:08.787 [Test worker] INFO org.hibernate.dialect.Dialect -- HHH000400: Using dialect: org.hibernate.dialect.PostgreSQL10Dialect
15:13:09.964 [Test worker] INFO org.hibernate.orm.connections.access -- HHH10001501: Connection obtained from JdbcConnectionAccess [org.hibernate.engine.jdbc.env.internal.JdbcEnvironmentInitiator$ConnectionProviderJdbcConnectionAccess@5824b485] for (non-JTA) DDL execution was not in auto-commit mode; the Connection 'local transaction' will be committed and the Connection will be set into auto-commit mode.
]]></system-out>
  <system-err><![CDATA[]]></system-err>
</testsuite>
